INFO:2023-11-02 17:52:08:Usuario borrado: 22
INFO:2023-11-02 17:52:33:Usuario creado: manolo1
INFO:2023-11-02 17:57:42:Usuario actializado: usuario1
INFO:2023-11-02 17:57:47:Usuario actializado: usuario1
INFO:2023-11-02 18:06:59:Usuario creado: pepito1
INFO:2023-11-02 18:07:25:Usuario actializado: usuario1
INFO:2023-11-02 18:07:30:Usuario actializado: usuario1
INFO:2023-11-02 19:07:11:Usuario actializado: usuario1
INFO:2023-11-02 19:07:14:Usuario actializado: uy
INFO:2023-11-02 19:12:08:Usuario actializado: usuario1
INFO:2023-11-02 19:12:12:Usuario actializado: 
INFO:2023-11-02 19:12:17:Usuario actializado: usuario1
INFO:2023-11-02 19:14:32:Usuario actializado: usuario1
INFO:2023-11-02 19:14:57:Usuario actializado: usuario1
INFO:2023-11-02 19:15:00:Usuario actializado: usuario1
INFO:2023-11-02 19:15:04:Usuario actializado: pepito1
INFO:2023-11-02 19:15:06:Usuario actializado: pepito1
INFO:2023-11-02 19:15:48:Usuario actializado: pepito1
INFO:2023-11-02 19:15:51:Usuario actializado: pepito1
INFO:2023-11-02 19:15:54:Usuario actializado: pepito1
ERROR:2023-11-02 20:03:44:Usuario NO creado: 111
INFO:2023-11-02 20:05:14:Usuario actializado: hirgfgwi
INFO:2023-11-02 20:05:18:Usuario actializado: hirgfgwi
INFO:2023-11-02 20:06:55:Usuario actializado: 111
INFO:2023-11-02 20:06:57:Usuario borrado: 25
INFO:2023-11-02 20:07:13:Usuario creado: 111
INFO:2023-11-02 20:19:18:Usuario creado: 1111
INFO:2023-11-02 20:23:56:Usuario creado: roles
ERROR:2023-11-02 20:24:01:Usuario NO creado: 
